<?xml version="1.0" encoding="UTF-8"?>
<!-- Generated by org.testng.reporters.JUnitReportReporter -->
<testsuite hostname="IND-SagarBavisa-Dell3420" failures="0" tests="3" name="com.tmb.tests.DataProviderTest" time="0.021" errors="0" timestamp="30 Sep 2024 11:32:18 GMT" skipped="0">
  <testcase classname="com.tmb.tests.DataProviderTest" name="testDataProvider" time="0.018"/>
  <testcase classname="com.tmb.tests.DataProviderTest" name="testDataProvider" time="0.002"/>
  <testcase classname="com.tmb.tests.DataProviderTest" name="testDataProvider" time="0.001"/>
</testsuite> <!-- com.tmb.tests.DataProviderTest -->
