<?xml version="1.0" encoding="UTF-8"?>
<!-- Generated by org.testng.reporters.JUnitReportReporter -->
<testsuite hostname="IND-SagarBavisa-Dell3420" failures="0" tests="3" name="com.tmb.tests.DataProviderTest" time="0.017" errors="0" timestamp="01 Oct 2024 05:07:04 GMT" skipped="0">
  <testcase classname="com.tmb.tests.DataProviderTest" name="testDataProvider" time="0.001"/>
  <testcase classname="com.tmb.tests.DataProviderTest" name="testDataProvider" time="0.014"/>
  <testcase classname="com.tmb.tests.DataProviderTest" name="testDataProvider" time="0.002"/>
</testsuite> <!-- com.tmb.tests.DataProviderTest -->
