<?xml version="1.0" encoding="UTF-8"?>
<!-- Generated by org.testng.reporters.JUnitReportReporter -->
<testsuite hostname="IND-SagarBavisa-Dell3420" failures="0" tests="1" name="com.tmb.tests.OrangeHRMTests" time="15.103" errors="0" timestamp="29 Sep 2024 06:01:37 GMT" skipped="0">
  <testcase classname="com.tmb.tests.OrangeHRMTests" name="loginLogoutTest" time="15.103"/>
</testsuite> <!-- com.tmb.tests.OrangeHRMTests -->
