<?xml version="1.0" encoding="UTF-8"?>
<!-- Generated by org.testng.reporters.JUnitReportReporter -->
<testsuite hostname="IND-SagarBavisa-Dell3420" failures="0" tests="2" name="com.tmb.tests.OrangeHRMTests" time="36.540" errors="0" timestamp="15 Oct 2024 17:55:55 GMT" skipped="0">
  <testcase classname="com.tmb.tests.OrangeHRMTests" name="loginLogoutTest" time="15.349"/>
  <testcase classname="com.tmb.tests.OrangeHRMTests" name="loginLogoutTest" time="21.191"/>
</testsuite> <!-- com.tmb.tests.OrangeHRMTests -->
