<?xml version="1.0" encoding="UTF-8"?>
<!-- Generated by org.testng.reporters.JUnitReportReporter -->
<testsuite hostname="IND-SagarBavisa-Dell3420" failures="0" tests="1" name="com.text.extentReports.ExtentReportFive" time="1.066" errors="0" timestamp="05 Oct 2024 12:18:13 GMT" skipped="0">
  <testcase classname="com.text.extentReports.ExtentReportFive" name="extentTest" time="1.066"/>
</testsuite> <!-- com.text.extentReports.ExtentReportFive -->
