<?xml version="1.0" encoding="UTF-8"?>
<!-- Generated by org.testng.reporters.JUnitReportReporter -->
<testsuite hostname="IND-SagarBavisa-Dell3420" failures="0" tests="1" name="com.tmb.tests.OrangeHRMTests" time="35.451" errors="0" timestamp="28 Sep 2024 08:42:29 GMT" skipped="0">
  <testcase classname="com.tmb.tests.OrangeHRMTests" name="loginLogoutTest" time="35.451"/>
</testsuite> <!-- com.tmb.tests.OrangeHRMTests -->
