<?xml version="1.0" encoding="UTF-8"?>
<!-- Generated by org.testng.reporters.JUnitReportReporter -->
<testsuite hostname="IND-SagarBavisa-Dell3420" failures="0" tests="1" name="com.tmb.tests.HomepageTests" time="6.777" errors="0" timestamp="26 Sep 2024 19:24:44 GMT" skipped="0">
  <testcase classname="com.tmb.tests.HomepageTests" name="test3" time="6.777"/>
</testsuite> <!-- com.tmb.tests.HomepageTests -->
